<?xml version="1.0" encoding="UTF-8"?>
<!-- Generated by org.testng.reporters.JUnitReportReporter -->
<testsuite hostname="DESKTOP-RMGD7UB" failures="0" tests="2" name="PractiseTestNg.TC10" time="2.457" errors="0" timestamp="20 Feb 2024 11:23:25 GMT">
  <testcase classname="PractiseTestNg.TC10" name="homePageTitleVerification" time="0.024"/>
  <testcase classname="PractiseTestNg.TC10" name="sighUpText" time="2.433"/>
</testsuite> <!-- PractiseTestNg.TC10 -->
