<?xml version="1.0" encoding="UTF-8"?>
<!-- Generated by org.testng.reporters.JUnitReportReporter -->
<testsuite hostname="DESKTOP-RMGD7UB" failures="0" tests="1" name="Test.Newchrome" time="2.500" errors="0" timestamp="28 Nov 2023 07:57:25 GMT">
  <testcase classname="Test.Newchrome" name="ho1" time="2.500"/>
</testsuite> <!-- Test.Newchrome -->
