<?xml version="1.0" encoding="UTF-8"?>
<!-- Generated by org.testng.reporters.JUnitReportReporter -->
<testsuite hostname="DESKTOP-RMGD7UB" failures="0" tests="2" name="Test.PopUps" time="0.007" errors="0" timestamp="29 Nov 2023 10:42:27 GMT">
  <testcase classname="Test.PopUps" name="ho1" time="0.006"/>
  <testcase classname="Test.PopUps" name="vey" time="0.001"/>
</testsuite> <!-- Test.PopUps -->
