<?xml version="1.0" encoding="UTF-8"?>
<!-- Generated by org.testng.reporters.JUnitReportReporter -->
<testsuite hostname="DESKTOP-RMGD7UB" failures="0" tests="1" name="LambdaWebsite.Testing_Swigy" time="4.633" errors="0" timestamp="11 Oct 2023 06:38:40 GMT">
  <testcase classname="LambdaWebsite.Testing_Swigy" name="ounus" time="4.633"/>
</testsuite> <!-- LambdaWebsite.Testing_Swigy -->
